==========================================
Checking packages for rclcpp dependency
==========================================
Total packages to check: 209

Indexing package.xml files...
Found 455 package.xml files

Progress: 20/209 packages checked...
Progress: 40/209 packages checked...
Progress: 60/209 packages checked...
Progress: 80/209 packages checked...
Progress: 100/209 packages checked...
Progress: 120/209 packages checked...
Progress: 140/209 packages checked...
Progress: 160/209 packages checked...
Progress: 180/209 packages checked...
Progress: 200/209 packages checked...
==========================================
RESULTS
==========================================

COMPLIANT PACKAGES (have <depend>rclcpp</depend>): 192
---------------------------------------------------
  ✓ autoware_stop_mode_operator
    Path: /home/tristan-toye/Autoware-47-installation-Nvidia-Jetson-Orin-AGX/autoware/src/universe/autoware_universe/control/autoware_stop_mode_operator/package.xml
  ✓ autoware_trajectory_modifier
    Path: /home/tristan-toye/Autoware-47-installation-Nvidia-Jetson-Orin-AGX/autoware/src/universe/autoware_universe/planning/autoware_trajectory_modifier/package.xml
  ✓ autoware_object_velocity_splitter
    Path: /home/tristan-toye/Autoware-47-installation-Nvidia-Jetson-Orin-AGX/autoware/src/universe/autoware_universe/perception/autoware_object_velocity_splitter/package.xml
  ✓ autoware_iv_internal_api_adaptor
    Path: /home/tristan-toye/Autoware-47-installation-Nvidia-Jetson-Orin-AGX/autoware/src/universe/external/tier4_ad_api_adaptor/autoware_iv_internal_api_adaptor/package.xml
  ✓ autoware_cluster_merger
    Path: /home/tristan-toye/Autoware-47-installation-Nvidia-Jetson-Orin-AGX/autoware/src/universe/autoware_universe/perception/autoware_cluster_merger/package.xml
  ✓ autoware_raindrop_cluster_filter
    Path: /home/tristan-toye/Autoware-47-installation-Nvidia-Jetson-Orin-AGX/autoware/src/universe/autoware_universe/perception/autoware_raindrop_cluster_filter/package.xml
  ✓ autoware_calibration_status_classifier
    Path: /home/tristan-toye/Autoware-47-installation-Nvidia-Jetson-Orin-AGX/autoware/src/universe/autoware_universe/sensing/autoware_calibration_status_classifier/package.xml
  ✓ reaction_analyzer
    Path: /home/tristan-toye/Autoware-47-installation-Nvidia-Jetson-Orin-AGX/autoware/src/universe/autoware_universe/tools/reaction_analyzer/package.xml
  ✓ pointcloud_to_laserscan
    Path: /home/tristan-toye/Autoware-47-installation-Nvidia-Jetson-Orin-AGX/autoware/src/universe/external/pointcloud_to_laserscan/package.xml
  ✓ autoware_tensorrt_bevformer
    Path: /home/tristan-toye/Autoware-47-installation-Nvidia-Jetson-Orin-AGX/autoware/src/universe/autoware_universe/perception/autoware_tensorrt_bevformer/package.xml
  ✓ autoware_hazard_lights_selector
    Path: /home/tristan-toye/Autoware-47-installation-Nvidia-Jetson-Orin-AGX/autoware/src/universe/autoware_universe/planning/autoware_hazard_lights_selector/package.xml
  ✓ autoware_detected_object_validation
    Path: /home/tristan-toye/Autoware-47-installation-Nvidia-Jetson-Orin-AGX/autoware/src/universe/autoware_universe/perception/autoware_detected_object_validation/package.xml
  ✓ autoware_command_mode_switcher_plugins
    Path: /home/tristan-toye/Autoware-47-installation-Nvidia-Jetson-Orin-AGX/autoware/src/universe/autoware_universe/system/autoware_command_mode_switcher_plugins/package.xml
  ✓ autoware_shape_estimation
    Path: /home/tristan-toye/Autoware-47-installation-Nvidia-Jetson-Orin-AGX/autoware/src/universe/autoware_universe/perception/autoware_shape_estimation/package.xml
  ✓ autoware_image_transport_decompressor
    Path: /home/tristan-toye/Autoware-47-installation-Nvidia-Jetson-Orin-AGX/autoware/src/universe/autoware_universe/sensing/autoware_image_transport_decompressor/package.xml
  ✓ autoware_radar_fusion_to_detected_object
    Path: /home/tristan-toye/Autoware-47-installation-Nvidia-Jetson-Orin-AGX/autoware/src/universe/autoware_universe/perception/autoware_radar_fusion_to_detected_object/package.xml
  ✓ autoware_map_height_fitter
    Path: /home/tristan-toye/Autoware-47-installation-Nvidia-Jetson-Orin-AGX/autoware/src/core/autoware_core/map/autoware_map_height_fitter/package.xml
  ✓ autoware_trajectory_traffic_rule_filter
    Path: /home/tristan-toye/Autoware-47-installation-Nvidia-Jetson-Orin-AGX/autoware/src/universe/autoware_universe/planning/autoware_trajectory_traffic_rule_filter/package.xml
  ✓ autoware_radar_object_tracker
    Path: /home/tristan-toye/Autoware-47-installation-Nvidia-Jetson-Orin-AGX/autoware/src/universe/autoware_universe/perception/autoware_radar_object_tracker/package.xml
  ✓ autoware_mission_planner_universe
    Path: /home/tristan-toye/Autoware-47-installation-Nvidia-Jetson-Orin-AGX/autoware/src/universe/autoware_universe/planning/autoware_mission_planner_universe/package.xml
  ✓ autoware_motion_velocity_boundary_departure_prevention_module
    Path: /home/tristan-toye/Autoware-47-installation-Nvidia-Jetson-Orin-AGX/autoware/src/universe/autoware_universe/planning/motion_velocity_planner/autoware_motion_velocity_boundary_departure_prevention_module/package.xml
  ✓ autoware_trajectory_adapter
    Path: /home/tristan-toye/Autoware-47-installation-Nvidia-Jetson-Orin-AGX/autoware/src/universe/autoware_universe/planning/autoware_trajectory_adapter/package.xml
  ✓ autoware_steer_offset_estimator
    Path: /home/tristan-toye/Autoware-47-installation-Nvidia-Jetson-Orin-AGX/autoware/src/universe/autoware_universe/vehicle/autoware_steer_offset_estimator/package.xml
  ✓ autoware_perception_online_evaluator
    Path: /home/tristan-toye/Autoware-47-installation-Nvidia-Jetson-Orin-AGX/autoware/src/universe/autoware_universe/evaluator/autoware_perception_online_evaluator/package.xml
  ✓ autoware_lanelet2_map_visualizer
    Path: /home/tristan-toye/Autoware-47-installation-Nvidia-Jetson-Orin-AGX/autoware/src/core/autoware_core/map/autoware_lanelet2_map_visualizer/package.xml
  ✓ autoware_planning_topic_converter
    Path: /home/tristan-toye/Autoware-47-installation-Nvidia-Jetson-Orin-AGX/autoware/src/core/autoware_core/planning/autoware_planning_topic_converter/package.xml
  ✓ autoware_pose2twist
    Path: /home/tristan-toye/Autoware-47-installation-Nvidia-Jetson-Orin-AGX/autoware/src/universe/autoware_universe/localization/autoware_pose2twist/package.xml
  ✓ autoware_costmap_generator
    Path: /home/tristan-toye/Autoware-47-installation-Nvidia-Jetson-Orin-AGX/autoware/src/universe/autoware_universe/planning/autoware_costmap_generator/package.xml
  ✓ autoware_elevation_map_loader
    Path: /home/tristan-toye/Autoware-47-installation-Nvidia-Jetson-Orin-AGX/autoware/src/universe/autoware_universe/perception/autoware_elevation_map_loader/package.xml
  ✓ autoware_gnss_poser
    Path: /home/tristan-toye/Autoware-47-installation-Nvidia-Jetson-Orin-AGX/autoware/src/core/autoware_core/sensing/autoware_gnss_poser/package.xml
  ✓ autoware_behavior_velocity_virtual_traffic_light_module
    Path: /home/tristan-toye/Autoware-47-installation-Nvidia-Jetson-Orin-AGX/autoware/src/universe/autoware_universe/planning/behavior_velocity_planner/autoware_behavior_velocity_virtual_traffic_light_module/package.xml
  ✓ autoware_tensorrt_bevdet
    Path: /home/tristan-toye/Autoware-47-installation-Nvidia-Jetson-Orin-AGX/autoware/src/universe/autoware_universe/perception/autoware_tensorrt_bevdet/package.xml
  ✓ autoware_default_adapi_universe
    Path: /home/tristan-toye/Autoware-47-installation-Nvidia-Jetson-Orin-AGX/autoware/src/universe/autoware_universe/system/autoware_default_adapi_universe/package.xml
  ✓ pacmod_interface
    Path: /home/tristan-toye/Autoware-47-installation-Nvidia-Jetson-Orin-AGX/autoware/src/vehicle/external/pacmod_interface/pacmod_interface/package.xml
  ✓ autoware_diagnostic_graph_utils
    Path: /home/tristan-toye/Autoware-47-installation-Nvidia-Jetson-Orin-AGX/autoware/src/universe/autoware_universe/system/autoware_diagnostic_graph_utils/package.xml
  ✓ autoware_localization_evaluator
    Path: /home/tristan-toye/Autoware-47-installation-Nvidia-Jetson-Orin-AGX/autoware/src/universe/autoware_universe/evaluator/autoware_localization_evaluator/package.xml
  ✓ yabloc_image_processing
    Path: /home/tristan-toye/Autoware-47-installation-Nvidia-Jetson-Orin-AGX/autoware/src/universe/autoware_universe/localization/yabloc/yabloc_image_processing/package.xml
  ✓ autoware_object_merger
    Path: /home/tristan-toye/Autoware-47-installation-Nvidia-Jetson-Orin-AGX/autoware/src/universe/autoware_universe/perception/autoware_object_merger/package.xml
  ✓ autoware_raw_vehicle_cmd_converter
    Path: /home/tristan-toye/Autoware-47-installation-Nvidia-Jetson-Orin-AGX/autoware/src/universe/autoware_universe/vehicle/autoware_raw_vehicle_cmd_converter/package.xml
  ✓ autoware_euclidean_cluster
    Path: /home/tristan-toye/Autoware-47-installation-Nvidia-Jetson-Orin-AGX/autoware/src/universe/autoware_universe/perception/autoware_euclidean_cluster/package.xml
  ✓ autoware_traffic_light_selector
    Path: /home/tristan-toye/Autoware-47-installation-Nvidia-Jetson-Orin-AGX/autoware/src/universe/autoware_universe/perception/autoware_traffic_light_selector/package.xml
  ✓ autoware_simple_object_merger
    Path: /home/tristan-toye/Autoware-47-installation-Nvidia-Jetson-Orin-AGX/autoware/src/universe/autoware_universe/perception/autoware_simple_object_merger/package.xml
  ✓ yabloc_monitor
    Path: /home/tristan-toye/Autoware-47-installation-Nvidia-Jetson-Orin-AGX/autoware/src/universe/autoware_universe/localization/yabloc/yabloc_monitor/package.xml
  ✓ autoware_motion_velocity_planner
    Path: /home/tristan-toye/Autoware-47-installation-Nvidia-Jetson-Orin-AGX/autoware/src/core/autoware_core/planning/motion_velocity_planner/autoware_motion_velocity_planner/package.xml
  ✓ autoware_pose_initializer
    Path: /home/tristan-toye/Autoware-47-installation-Nvidia-Jetson-Orin-AGX/autoware/src/core/autoware_core/localization/autoware_pose_initializer/package.xml
  ✓ autoware_occupancy_grid_map_outlier_filter
    Path: /home/tristan-toye/Autoware-47-installation-Nvidia-Jetson-Orin-AGX/autoware/src/universe/autoware_universe/perception/autoware_occupancy_grid_map_outlier_filter/package.xml
  ✓ autoware_command_mode_decider
    Path: /home/tristan-toye/Autoware-47-installation-Nvidia-Jetson-Orin-AGX/autoware/src/universe/autoware_universe/system/autoware_command_mode_decider/package.xml
  ✓ autoware_planning_evaluator
    Path: /home/tristan-toye/Autoware-47-installation-Nvidia-Jetson-Orin-AGX/autoware/src/universe/autoware_universe/evaluator/autoware_planning_evaluator/package.xml
  ✓ autoware_planning_validator
    Path: /home/tristan-toye/Autoware-47-installation-Nvidia-Jetson-Orin-AGX/autoware/src/universe/autoware_universe/planning/planning_validator/autoware_planning_validator/package.xml
  ✓ agnocast_e2e_test
    Path: /home/tristan-toye/Autoware-47-installation-Nvidia-Jetson-Orin-AGX/autoware/src/middleware/external/agnocast/src/agnocast_e2e_test/package.xml
  ✓ autoware_behavior_path_planner
    Path: /home/tristan-toye/Autoware-47-installation-Nvidia-Jetson-Orin-AGX/autoware/src/universe/autoware_universe/planning/behavior_path_planner/autoware_behavior_path_planner/package.xml
  ✓ autoware_joy_controller
    Path: /home/tristan-toye/Autoware-47-installation-Nvidia-Jetson-Orin-AGX/autoware/src/universe/autoware_universe/control/autoware_joy_controller/package.xml
  ✓ autoware_collision_detector
    Path: /home/tristan-toye/Autoware-47-installation-Nvidia-Jetson-Orin-AGX/autoware/src/universe/autoware_universe/control/autoware_collision_detector/package.xml
  ✓ autoware_localization_rviz_plugin
    Path: /home/tristan-toye/Autoware-47-installation-Nvidia-Jetson-Orin-AGX/autoware/src/core/autoware_rviz_plugins/autoware_localization_rviz_plugin/package.xml
  ✓ tier4_control_mode_rviz_plugin
    Path: /home/tristan-toye/Autoware-47-installation-Nvidia-Jetson-Orin-AGX/autoware/src/universe/autoware_universe/visualization/tier4_control_mode_rviz_plugin/package.xml
  ✓ autoware_radar_objects_adapter
    Path: /home/tristan-toye/Autoware-47-installation-Nvidia-Jetson-Orin-AGX/autoware/src/universe/autoware_universe/sensing/autoware_radar_objects_adapter/package.xml
  ✓ autoware_radar_threshold_filter
    Path: /home/tristan-toye/Autoware-47-installation-Nvidia-Jetson-Orin-AGX/autoware/src/universe/autoware_universe/sensing/autoware_radar_threshold_filter/package.xml
  ✓ autoware_traffic_light_arbiter
    Path: /home/tristan-toye/Autoware-47-installation-Nvidia-Jetson-Orin-AGX/autoware/src/universe/autoware_universe/perception/autoware_traffic_light_arbiter/package.xml
  ✓ autoware_path_sampler
    Path: /home/tristan-toye/Autoware-47-installation-Nvidia-Jetson-Orin-AGX/autoware/src/universe/autoware_universe/planning/sampling_based_planner/autoware_path_sampler/package.xml
  ✓ autoware_control_performance_analysis
    Path: /home/tristan-toye/Autoware-47-installation-Nvidia-Jetson-Orin-AGX/autoware/src/universe/autoware_universe/control/autoware_control_performance_analysis/package.xml
  ✓ autoware_trajectory_concatenator
    Path: /home/tristan-toye/Autoware-47-installation-Nvidia-Jetson-Orin-AGX/autoware/src/universe/autoware_universe/planning/autoware_trajectory_concatenator/package.xml
  ✓ autoware_twist2accel
    Path: /home/tristan-toye/Autoware-47-installation-Nvidia-Jetson-Orin-AGX/autoware/src/core/autoware_core/localization/autoware_twist2accel/package.xml
  ✓ autoware_bevfusion
    Path: /home/tristan-toye/Autoware-47-installation-Nvidia-Jetson-Orin-AGX/autoware/src/universe/autoware_universe/perception/autoware_bevfusion/package.xml
  ✓ autoware_vehicle_cmd_gate
    Path: /home/tristan-toye/Autoware-47-installation-Nvidia-Jetson-Orin-AGX/autoware/src/universe/autoware_universe/control/autoware_vehicle_cmd_gate/package.xml
  ✓ tier4_adapi_rviz_plugin
    Path: /home/tristan-toye/Autoware-47-installation-Nvidia-Jetson-Orin-AGX/autoware/src/universe/autoware_universe/visualization/tier4_adapi_rviz_plugin/package.xml
  ✓ yabloc_pose_initializer
    Path: /home/tristan-toye/Autoware-47-installation-Nvidia-Jetson-Orin-AGX/autoware/src/universe/autoware_universe/localization/yabloc/yabloc_pose_initializer/package.xml
  ✓ awapi_awiv_adapter
    Path: /home/tristan-toye/Autoware-47-installation-Nvidia-Jetson-Orin-AGX/autoware/src/universe/external/tier4_ad_api_adaptor/awapi_awiv_adapter/package.xml
  ✓ autoware_default_adapi
    Path: /home/tristan-toye/Autoware-47-installation-Nvidia-Jetson-Orin-AGX/autoware/src/core/autoware_core/api/autoware_default_adapi/package.xml
  ✓ autoware_control_command_gate
    Path: /home/tristan-toye/Autoware-47-installation-Nvidia-Jetson-Orin-AGX/autoware/src/universe/autoware_universe/control/autoware_control_command_gate/package.xml
  ✓ autoware_radar_static_pointcloud_filter
    Path: /home/tristan-toye/Autoware-47-installation-Nvidia-Jetson-Orin-AGX/autoware/src/universe/autoware_universe/sensing/autoware_radar_static_pointcloud_filter/package.xml
  ✓ autoware_path_generator
    Path: /home/tristan-toye/Autoware-47-installation-Nvidia-Jetson-Orin-AGX/autoware/src/core/autoware_core/planning/autoware_path_generator/package.xml
  ✓ autoware_path_smoother
    Path: /home/tristan-toye/Autoware-47-installation-Nvidia-Jetson-Orin-AGX/autoware/src/universe/autoware_universe/planning/autoware_path_smoother/package.xml
  ✓ autoware_external_velocity_limit_selector
    Path: /home/tristan-toye/Autoware-47-installation-Nvidia-Jetson-Orin-AGX/autoware/src/universe/autoware_universe/planning/autoware_external_velocity_limit_selector/package.xml
  ✓ autoware_remaining_distance_time_calculator
    Path: /home/tristan-toye/Autoware-47-installation-Nvidia-Jetson-Orin-AGX/autoware/src/universe/autoware_universe/planning/autoware_remaining_distance_time_calculator/package.xml
  ✓ autoware_traffic_light_occlusion_predictor
    Path: /home/tristan-toye/Autoware-47-installation-Nvidia-Jetson-Orin-AGX/autoware/src/universe/autoware_universe/perception/autoware_traffic_light_occlusion_predictor/package.xml
  ✓ autoware_radar_scan_to_pointcloud2
    Path: /home/tristan-toye/Autoware-47-installation-Nvidia-Jetson-Orin-AGX/autoware/src/universe/autoware_universe/sensing/autoware_radar_scan_to_pointcloud2/package.xml
  ✓ tier4_deprecated_api_adapter
    Path: /home/tristan-toye/Autoware-47-installation-Nvidia-Jetson-Orin-AGX/autoware/src/universe/external/tier4_ad_api_adaptor/tier4_deprecated_api_adapter/package.xml
  ✓ autoware_mission_planner
    Path: /home/tristan-toye/Autoware-47-installation-Nvidia-Jetson-Orin-AGX/autoware/src/core/autoware_core/planning/autoware_mission_planner/package.xml
  ✓ negotiated_examples
    Path: /home/tristan-toye/Autoware-47-installation-Nvidia-Jetson-Orin-AGX/autoware/src/universe/external/negotiated/negotiated_examples/package.xml
  ✓ agnocast_sample_application
    Path: /home/tristan-toye/Autoware-47-installation-Nvidia-Jetson-Orin-AGX/autoware/src/middleware/external/agnocast/src/agnocast_sample_application/package.xml
  ✓ autoware_scenario_simulator_v2_adapter
    Path: /home/tristan-toye/Autoware-47-installation-Nvidia-Jetson-Orin-AGX/autoware/src/universe/autoware_universe/evaluator/autoware_scenario_simulator_v2_adapter/package.xml
  ✓ autoware_traffic_light_map_based_detector
    Path: /home/tristan-toye/Autoware-47-installation-Nvidia-Jetson-Orin-AGX/autoware/src/universe/autoware_universe/perception/autoware_traffic_light_map_based_detector/package.xml
  ✓ autoware_control_evaluator
    Path: /home/tristan-toye/Autoware-47-installation-Nvidia-Jetson-Orin-AGX/autoware/src/universe/autoware_universe/evaluator/autoware_control_evaluator/package.xml
  ✓ autoware_traffic_light_category_merger
    Path: /home/tristan-toye/Autoware-47-installation-Nvidia-Jetson-Orin-AGX/autoware/src/universe/autoware_universe/perception/autoware_traffic_light_category_merger/package.xml
  ✓ autoware_fault_injection
    Path: /home/tristan-toye/Autoware-47-installation-Nvidia-Jetson-Orin-AGX/autoware/src/universe/autoware_universe/simulator/autoware_fault_injection/package.xml
  ✓ tamagawa_imu_driver
    Path: /home/tristan-toye/Autoware-47-installation-Nvidia-Jetson-Orin-AGX/autoware/src/sensor_component/external/tamagawa_imu_driver/package.xml
  ✓ yabloc_common
    Path: /home/tristan-toye/Autoware-47-installation-Nvidia-Jetson-Orin-AGX/autoware/src/universe/autoware_universe/localization/yabloc/yabloc_common/package.xml
  ✓ autoware_mrm_handler
    Path: /home/tristan-toye/Autoware-47-installation-Nvidia-Jetson-Orin-AGX/autoware/src/universe/autoware_universe/system/autoware_mrm_handler/package.xml
  ✓ autoware_mrm_emergency_stop_operator
    Path: /home/tristan-toye/Autoware-47-installation-Nvidia-Jetson-Orin-AGX/autoware/src/universe/autoware_universe/system/autoware_mrm_emergency_stop_operator/package.xml
  ✓ autoware_ground_segmentation
    Path: /home/tristan-toye/Autoware-47-installation-Nvidia-Jetson-Orin-AGX/autoware/src/universe/autoware_universe/perception/autoware_ground_segmentation/package.xml
  ✓ nebula_ros
    Path: /home/tristan-toye/Autoware-47-installation-Nvidia-Jetson-Orin-AGX/autoware/src/sensor_component/external/nebula/nebula_ros/package.xml
  ✓ autoware_fake_test_node
    Path: /home/tristan-toye/Autoware-47-installation-Nvidia-Jetson-Orin-AGX/autoware/src/universe/autoware_universe/common/autoware_fake_test_node/package.xml
  ✓ autoware_control_validator
    Path: /home/tristan-toye/Autoware-47-installation-Nvidia-Jetson-Orin-AGX/autoware/src/universe/autoware_universe/control/autoware_control_validator/package.xml
  ✓ autoware_crosswalk_traffic_light_estimator
    Path: /home/tristan-toye/Autoware-47-installation-Nvidia-Jetson-Orin-AGX/autoware/src/universe/autoware_universe/perception/autoware_crosswalk_traffic_light_estimator/package.xml
  ✓ autoware_velocity_smoother
    Path: /home/tristan-toye/Autoware-47-installation-Nvidia-Jetson-Orin-AGX/autoware/src/core/autoware_core/planning/autoware_velocity_smoother/package.xml
  ✓ autoware_obstacle_collision_checker
    Path: /home/tristan-toye/Autoware-47-installation-Nvidia-Jetson-Orin-AGX/autoware/src/universe/autoware_universe/control/autoware_obstacle_collision_checker/package.xml
  ✓ autoware_dummy_perception_publisher
    Path: /home/tristan-toye/Autoware-47-installation-Nvidia-Jetson-Orin-AGX/autoware/src/universe/autoware_universe/simulator/autoware_dummy_perception_publisher/package.xml
  ✓ autoware_bytetrack
    Path: /home/tristan-toye/Autoware-47-installation-Nvidia-Jetson-Orin-AGX/autoware/src/universe/autoware_universe/perception/autoware_bytetrack/package.xml
  ✓ autoware_imu_corrector
    Path: /home/tristan-toye/Autoware-47-installation-Nvidia-Jetson-Orin-AGX/autoware/src/universe/autoware_universe/sensing/autoware_imu_corrector/package.xml
  ✓ autoware_trajectory_ranker
    Path: /home/tristan-toye/Autoware-47-installation-Nvidia-Jetson-Orin-AGX/autoware/src/universe/autoware_universe/planning/autoware_trajectory_ranker/package.xml
  ✓ autoware_planning_rviz_plugin
    Path: /home/tristan-toye/Autoware-47-installation-Nvidia-Jetson-Orin-AGX/autoware/src/core/autoware_rviz_plugins/autoware_planning_rviz_plugin/package.xml
  ✓ autoware_ndt_scan_matcher
    Path: /home/tristan-toye/Autoware-47-installation-Nvidia-Jetson-Orin-AGX/autoware/src/core/autoware_core/localization/autoware_ndt_scan_matcher/package.xml
  ✓ autoware_path_distance_calculator
    Path: /home/tristan-toye/Autoware-47-installation-Nvidia-Jetson-Orin-AGX/autoware/src/universe/autoware_universe/common/autoware_path_distance_calculator/package.xml
  ✓ autoware_surround_obstacle_checker
    Path: /home/tristan-toye/Autoware-47-installation-Nvidia-Jetson-Orin-AGX/autoware/src/universe/autoware_universe/planning/autoware_surround_obstacle_checker/package.xml
  ✓ managed_transform_buffer
    Path: /home/tristan-toye/Autoware-47-installation-Nvidia-Jetson-Orin-AGX/autoware/src/universe/external/managed_transform_buffer/managed_transform_buffer/package.xml
  ✓ autoware_external_cmd_converter
    Path: /home/tristan-toye/Autoware-47-installation-Nvidia-Jetson-Orin-AGX/autoware/src/universe/autoware_universe/vehicle/autoware_external_cmd_converter/package.xml
  ✓ autoware_processing_time_checker
    Path: /home/tristan-toye/Autoware-47-installation-Nvidia-Jetson-Orin-AGX/autoware/src/universe/autoware_universe/system/autoware_processing_time_checker/package.xml
  ✓ autoware_lidar_marker_localizer
    Path: /home/tristan-toye/Autoware-47-installation-Nvidia-Jetson-Orin-AGX/autoware/src/universe/autoware_universe/localization/autoware_landmark_based_localizer/autoware_lidar_marker_localizer/package.xml
  ✓ autoware_component_state_monitor
    Path: /home/tristan-toye/Autoware-47-installation-Nvidia-Jetson-Orin-AGX/autoware/src/universe/autoware_universe/system/autoware_component_state_monitor/package.xml
  ✓ autoware_predicted_path_checker
    Path: /home/tristan-toye/Autoware-47-installation-Nvidia-Jetson-Orin-AGX/autoware/src/universe/autoware_universe/control/autoware_predicted_path_checker/package.xml
  ✓ autoware_image_diagnostics
    Path: /home/tristan-toye/Autoware-47-installation-Nvidia-Jetson-Orin-AGX/autoware/src/universe/autoware_universe/sensing/autoware_image_diagnostics/package.xml
  ✓ autoware_tracking_object_merger
    Path: /home/tristan-toye/Autoware-47-installation-Nvidia-Jetson-Orin-AGX/autoware/src/universe/autoware_universe/perception/autoware_tracking_object_merger/package.xml
  ✓ autoware_test_utils
    Path: /home/tristan-toye/Autoware-47-installation-Nvidia-Jetson-Orin-AGX/autoware/src/core/autoware_core/testing/autoware_test_utils/package.xml
  ✓ autoware_multi_object_tracker
    Path: /home/tristan-toye/Autoware-47-installation-Nvidia-Jetson-Orin-AGX/autoware/src/universe/autoware_universe/perception/autoware_multi_object_tracker/package.xml
  ✓ autoware_radar_tracks_msgs_converter
    Path: /home/tristan-toye/Autoware-47-installation-Nvidia-Jetson-Orin-AGX/autoware/src/universe/autoware_universe/perception/autoware_radar_tracks_msgs_converter/package.xml
  ✓ autoware_adapi_adaptors
    Path: /home/tristan-toye/Autoware-47-installation-Nvidia-Jetson-Orin-AGX/autoware/src/core/autoware_core/api/autoware_adapi_adaptors/package.xml
  ✓ autoware_crop_box_filter
    Path: /home/tristan-toye/Autoware-47-installation-Nvidia-Jetson-Orin-AGX/autoware/src/core/autoware_core/sensing/autoware_crop_box_filter/package.xml
  ✓ autoware_map_loader
    Path: /home/tristan-toye/Autoware-47-installation-Nvidia-Jetson-Orin-AGX/autoware/src/core/autoware_core/map/autoware_map_loader/package.xml
  ✓ autoware_component_interface_tools
    Path: /home/tristan-toye/Autoware-47-installation-Nvidia-Jetson-Orin-AGX/autoware/src/universe/autoware_universe/common/autoware_component_interface_tools/package.xml
  ✓ autoware_traffic_light_rviz_plugin
    Path: /home/tristan-toye/Autoware-47-installation-Nvidia-Jetson-Orin-AGX/autoware/src/universe/autoware_universe/visualization/autoware_traffic_light_rviz_plugin/package.xml
  ✓ autoware_trajectory_follower_node
    Path: /home/tristan-toye/Autoware-47-installation-Nvidia-Jetson-Orin-AGX/autoware/src/universe/autoware_universe/control/autoware_trajectory_follower_node/package.xml
  ✓ autoware_traffic_light_recognition_marker_publisher
    Path: /home/tristan-toye/Autoware-47-installation-Nvidia-Jetson-Orin-AGX/autoware/src/universe/autoware_universe/common/autoware_traffic_light_recognition_marker_publisher/package.xml
  ✓ autoware_detection_by_tracker
    Path: /home/tristan-toye/Autoware-47-installation-Nvidia-Jetson-Orin-AGX/autoware/src/universe/autoware_universe/perception/autoware_detection_by_tracker/package.xml
  ✓ autoware_radar_tracks_noise_filter
    Path: /home/tristan-toye/Autoware-47-installation-Nvidia-Jetson-Orin-AGX/autoware/src/universe/autoware_universe/sensing/autoware_radar_tracks_noise_filter/package.xml
  ✓ autoware_dummy_infrastructure
    Path: /home/tristan-toye/Autoware-47-installation-Nvidia-Jetson-Orin-AGX/autoware/src/universe/autoware_universe/system/autoware_dummy_infrastructure/package.xml
  ✓ autoware_lidar_frnet
    Path: /home/tristan-toye/Autoware-47-installation-Nvidia-Jetson-Orin-AGX/autoware/src/universe/autoware_universe/perception/autoware_lidar_frnet/package.xml
  ✓ autoware_camera_streampetr
    Path: /home/tristan-toye/Autoware-47-installation-Nvidia-Jetson-Orin-AGX/autoware/src/universe/autoware_universe/perception/autoware_camera_streampetr/package.xml
  ✓ autoware_perception_objects_converter
    Path: /home/tristan-toye/Autoware-47-installation-Nvidia-Jetson-Orin-AGX/autoware/src/core/autoware_core/perception/autoware_perception_objects_converter/package.xml
  ✓ autoware_autonomous_emergency_braking
    Path: /home/tristan-toye/Autoware-47-installation-Nvidia-Jetson-Orin-AGX/autoware/src/universe/autoware_universe/control/autoware_autonomous_emergency_braking/package.xml
  ✓ autoware_traffic_light_visualization
    Path: /home/tristan-toye/Autoware-47-installation-Nvidia-Jetson-Orin-AGX/autoware/src/universe/autoware_universe/perception/autoware_traffic_light_visualization/package.xml
  ✓ autoware_map_tf_generator
    Path: /home/tristan-toye/Autoware-47-installation-Nvidia-Jetson-Orin-AGX/autoware/src/universe/autoware_universe/map/autoware_map_tf_generator/package.xml
  ✓ autoware_lane_departure_checker
    Path: /home/tristan-toye/Autoware-47-installation-Nvidia-Jetson-Orin-AGX/autoware/src/universe/autoware_universe/control/autoware_lane_departure_checker/package.xml
  ✓ eagleye_rt
    Path: /home/tristan-toye/Autoware-47-installation-Nvidia-Jetson-Orin-AGX/autoware/src/universe/external/eagleye/eagleye_rt/package.xml
  ✓ negotiated
    Path: /home/tristan-toye/Autoware-47-installation-Nvidia-Jetson-Orin-AGX/autoware/src/universe/external/negotiated/negotiated/package.xml
  ✓ autoware_gyro_odometer
    Path: /home/tristan-toye/Autoware-47-installation-Nvidia-Jetson-Orin-AGX/autoware/src/core/autoware_core/localization/autoware_gyro_odometer/package.xml
  ✓ cuda_blackboard
    Path: /home/tristan-toye/Autoware-47-installation-Nvidia-Jetson-Orin-AGX/autoware/src/universe/external/cuda_blackboard/package.xml
  ✓ autoware_object_sorter
    Path: /home/tristan-toye/Autoware-47-installation-Nvidia-Jetson-Orin-AGX/autoware/src/universe/autoware_universe/perception/autoware_object_sorter/package.xml
  ✓ autoware_object_range_splitter
    Path: /home/tristan-toye/Autoware-47-installation-Nvidia-Jetson-Orin-AGX/autoware/src/universe/autoware_universe/perception/autoware_object_range_splitter/package.xml
  ✓ autoware_command_mode_switcher
    Path: /home/tristan-toye/Autoware-47-installation-Nvidia-Jetson-Orin-AGX/autoware/src/universe/autoware_universe/system/autoware_command_mode_switcher/package.xml
  ✓ autoware_motion_utils
    Path: /home/tristan-toye/Autoware-47-installation-Nvidia-Jetson-Orin-AGX/autoware/src/core/autoware_core/common/autoware_motion_utils/package.xml
  ✓ autoware_operation_mode_transition_manager
    Path: /home/tristan-toye/Autoware-47-installation-Nvidia-Jetson-Orin-AGX/autoware/src/universe/autoware_universe/control/autoware_operation_mode_transition_manager/package.xml
  ✓ autoware_vehicle_velocity_converter
    Path: /home/tristan-toye/Autoware-47-installation-Nvidia-Jetson-Orin-AGX/autoware/src/core/autoware_core/sensing/autoware_vehicle_velocity_converter/package.xml
  ✓ autoware_stop_filter
    Path: /home/tristan-toye/Autoware-47-installation-Nvidia-Jetson-Orin-AGX/autoware/src/core/autoware_core/localization/autoware_stop_filter/package.xml
  ✓ autoware_iv_external_api_adaptor
    Path: /home/tristan-toye/Autoware-47-installation-Nvidia-Jetson-Orin-AGX/autoware/src/universe/external/tier4_ad_api_adaptor/autoware_iv_external_api_adaptor/package.xml
  ✓ autoware_traffic_light_classifier
    Path: /home/tristan-toye/Autoware-47-installation-Nvidia-Jetson-Orin-AGX/autoware/src/universe/autoware_universe/perception/autoware_traffic_light_classifier/package.xml
  ✓ tier4_state_rviz_plugin
    Path: /home/tristan-toye/Autoware-47-installation-Nvidia-Jetson-Orin-AGX/autoware/src/universe/autoware_universe/visualization/tier4_state_rviz_plugin/package.xml
  ✓ autoware_traffic_light_multi_camera_fusion
    Path: /home/tristan-toye/Autoware-47-installation-Nvidia-Jetson-Orin-AGX/autoware/src/universe/autoware_universe/perception/autoware_traffic_light_multi_camera_fusion/package.xml
  ✓ autoware_topic_state_monitor
    Path: /home/tristan-toye/Autoware-47-installation-Nvidia-Jetson-Orin-AGX/autoware/src/universe/autoware_universe/system/autoware_topic_state_monitor/package.xml
  ✓ autoware_scenario_selector
    Path: /home/tristan-toye/Autoware-47-installation-Nvidia-Jetson-Orin-AGX/autoware/src/universe/autoware_universe/planning/autoware_scenario_selector/package.xml
  ✓ autoware_ar_tag_based_localizer
    Path: /home/tristan-toye/Autoware-47-installation-Nvidia-Jetson-Orin-AGX/autoware/src/universe/autoware_universe/localization/autoware_landmark_based_localizer/autoware_ar_tag_based_localizer/package.xml
  ✓ autoware_diffusion_planner
    Path: /home/tristan-toye/Autoware-47-installation-Nvidia-Jetson-Orin-AGX/autoware/src/universe/autoware_universe/planning/autoware_diffusion_planner/package.xml
  ✓ autoware_lidar_apollo_instance_segmentation
    Path: /home/tristan-toye/Autoware-47-installation-Nvidia-Jetson-Orin-AGX/autoware/src/universe/autoware_universe/perception/autoware_lidar_apollo_instance_segmentation/package.xml
  ✓ ros2_socketcan
    Path: /home/tristan-toye/Autoware-47-installation-Nvidia-Jetson-Orin-AGX/autoware/src/sensor_component/ros2_socketcan/ros2_socketcan/package.xml
  ✓ autoware_automatic_pose_initializer
    Path: /home/tristan-toye/Autoware-47-installation-Nvidia-Jetson-Orin-AGX/autoware/src/universe/autoware_universe/system/autoware_default_adapi_helpers/autoware_automatic_pose_initializer/package.xml
  ✓ autoware_cuda_pointcloud_preprocessor
    Path: /home/tristan-toye/Autoware-47-installation-Nvidia-Jetson-Orin-AGX/autoware/src/universe/autoware_universe/sensing/autoware_cuda_pointcloud_preprocessor/package.xml
  ✓ autoware_hazard_status_converter
    Path: /home/tristan-toye/Autoware-47-installation-Nvidia-Jetson-Orin-AGX/autoware/src/universe/autoware_universe/system/autoware_hazard_status_converter/package.xml
  ✓ autoware_geo_pose_projector
    Path: /home/tristan-toye/Autoware-47-installation-Nvidia-Jetson-Orin-AGX/autoware/src/universe/autoware_universe/localization/autoware_geo_pose_projector/package.xml
  ✓ tier4_autoware_api_extension
    Path: /home/tristan-toye/Autoware-47-installation-Nvidia-Jetson-Orin-AGX/autoware/src/universe/external/tier4_ad_api_adaptor/tier4_autoware_api_extension/package.xml
  ✓ yabloc_particle_filter
    Path: /home/tristan-toye/Autoware-47-installation-Nvidia-Jetson-Orin-AGX/autoware/src/universe/autoware_universe/localization/yabloc/yabloc_particle_filter/package.xml
  ✓ autoware_probabilistic_occupancy_grid_map
    Path: /home/tristan-toye/Autoware-47-installation-Nvidia-Jetson-Orin-AGX/autoware/src/universe/autoware_universe/perception/autoware_probabilistic_occupancy_grid_map/package.xml
  ✓ autoware_ground_filter
    Path: /home/tristan-toye/Autoware-47-installation-Nvidia-Jetson-Orin-AGX/autoware/src/core/autoware_core/perception/autoware_ground_filter/package.xml
  ✓ autoware_goal_distance_calculator
    Path: /home/tristan-toye/Autoware-47-installation-Nvidia-Jetson-Orin-AGX/autoware/src/universe/autoware_universe/common/autoware_goal_distance_calculator/package.xml
  ✓ autoware_trajectory_optimizer
    Path: /home/tristan-toye/Autoware-47-installation-Nvidia-Jetson-Orin-AGX/autoware/src/universe/autoware_universe/planning/autoware_trajectory_optimizer/package.xml
  ✓ tier4_traffic_light_rviz_plugin
    Path: /home/tristan-toye/Autoware-47-installation-Nvidia-Jetson-Orin-AGX/autoware/src/universe/autoware_universe/visualization/tier4_traffic_light_rviz_plugin/package.xml
  ✓ autoware_path_optimizer
    Path: /home/tristan-toye/Autoware-47-installation-Nvidia-Jetson-Orin-AGX/autoware/src/universe/autoware_universe/planning/autoware_path_optimizer/package.xml
  ✓ autoware_compare_map_segmentation
    Path: /home/tristan-toye/Autoware-47-installation-Nvidia-Jetson-Orin-AGX/autoware/src/universe/autoware_universe/perception/autoware_compare_map_segmentation/package.xml
  ✓ autoware_simple_pure_pursuit
    Path: /home/tristan-toye/Autoware-47-installation-Nvidia-Jetson-Orin-AGX/autoware/src/core/autoware_core/control/autoware_simple_pure_pursuit/package.xml
  ✓ autoware_image_projection_based_fusion
    Path: /home/tristan-toye/Autoware-47-installation-Nvidia-Jetson-Orin-AGX/autoware/src/universe/autoware_universe/perception/autoware_image_projection_based_fusion/package.xml
  ✓ autoware_kinematic_evaluator
    Path: /home/tristan-toye/Autoware-47-installation-Nvidia-Jetson-Orin-AGX/autoware/src/universe/autoware_universe/evaluator/autoware_kinematic_evaluator/package.xml
  ✓ autoware_external_cmd_selector
    Path: /home/tristan-toye/Autoware-47-installation-Nvidia-Jetson-Orin-AGX/autoware/src/universe/autoware_universe/control/autoware_external_cmd_selector/package.xml
  ✓ autoware_accel_brake_map_calibrator
    Path: /home/tristan-toye/Autoware-47-installation-Nvidia-Jetson-Orin-AGX/autoware/src/universe/autoware_universe/vehicle/autoware_accel_brake_map_calibrator/package.xml
  ✓ autoware_pose_instability_detector
    Path: /home/tristan-toye/Autoware-47-installation-Nvidia-Jetson-Orin-AGX/autoware/src/universe/autoware_universe/localization/autoware_pose_instability_detector/package.xml
  ✓ autoware_livox_tag_filter
    Path: /home/tristan-toye/Autoware-47-installation-Nvidia-Jetson-Orin-AGX/autoware/src/universe/autoware_universe/sensing/livox/autoware_livox_tag_filter/package.xml
  ✓ autoware_trajectory_safety_filter
    Path: /home/tristan-toye/Autoware-47-installation-Nvidia-Jetson-Orin-AGX/autoware/src/universe/autoware_universe/planning/autoware_trajectory_safety_filter/package.xml
  ✓ autoware_traffic_light_fine_detector
    Path: /home/tristan-toye/Autoware-47-installation-Nvidia-Jetson-Orin-AGX/autoware/src/universe/autoware_universe/perception/autoware_traffic_light_fine_detector/package.xml
  ✓ autoware_downsample_filters
    Path: /home/tristan-toye/Autoware-47-installation-Nvidia-Jetson-Orin-AGX/autoware/src/core/autoware_core/sensing/autoware_downsample_filters/package.xml
  ✓ autoware_pose_covariance_modifier
    Path: /home/tristan-toye/Autoware-47-installation-Nvidia-Jetson-Orin-AGX/autoware/src/universe/autoware_universe/localization/autoware_pose_covariance_modifier/package.xml
  ✓ autoware_simpl_prediction
    Path: /home/tristan-toye/Autoware-47-installation-Nvidia-Jetson-Orin-AGX/autoware/src/universe/autoware_universe/perception/autoware_simpl_prediction/package.xml
  ✓ autoware_behavior_velocity_planner
    Path: /home/tristan-toye/Autoware-47-installation-Nvidia-Jetson-Orin-AGX/autoware/src/core/autoware_core/planning/behavior_velocity_planner/autoware_behavior_velocity_planner/package.xml
  ✓ autoware_simple_planning_simulator
    Path: /home/tristan-toye/Autoware-47-installation-Nvidia-Jetson-Orin-AGX/autoware/src/universe/autoware_universe/simulator/autoware_simple_planning_simulator/package.xml
  ✓ autoware_manual_lane_change_handler
    Path: /home/tristan-toye/Autoware-47-installation-Nvidia-Jetson-Orin-AGX/autoware/src/universe/autoware_universe/planning/autoware_manual_lane_change_handler/package.xml
  ✓ autoware_predicted_path_postprocessor
    Path: /home/tristan-toye/Autoware-47-installation-Nvidia-Jetson-Orin-AGX/autoware/src/universe/autoware_universe/perception/autoware_predicted_path_postprocessor/package.xml
  ✓ autoware_pointcloud_preprocessor
    Path: /home/tristan-toye/Autoware-47-installation-Nvidia-Jetson-Orin-AGX/autoware/src/universe/autoware_universe/sensing/autoware_pointcloud_preprocessor/package.xml
  ✓ autoware_topic_relay_controller
    Path: /home/tristan-toye/Autoware-47-installation-Nvidia-Jetson-Orin-AGX/autoware/src/universe/autoware_universe/system/autoware_topic_relay_controller/package.xml
  ✓ autoware_ekf_localizer
    Path: /home/tristan-toye/Autoware-47-installation-Nvidia-Jetson-Orin-AGX/autoware/src/core/autoware_core/localization/autoware_ekf_localizer/package.xml
  ✓ autoware_euclidean_cluster_object_detector
    Path: /home/tristan-toye/Autoware-47-installation-Nvidia-Jetson-Orin-AGX/autoware/src/core/autoware_core/perception/autoware_euclidean_cluster_object_detector/package.xml
  ✓ autoware_shift_decider
    Path: /home/tristan-toye/Autoware-47-installation-Nvidia-Jetson-Orin-AGX/autoware/src/universe/autoware_universe/control/autoware_shift_decider/package.xml
  ✓ autoware_map_based_prediction
    Path: /home/tristan-toye/Autoware-47-installation-Nvidia-Jetson-Orin-AGX/autoware/src/universe/autoware_universe/perception/autoware_map_based_prediction/package.xml
  ✓ autoware_freespace_planner
    Path: /home/tristan-toye/Autoware-47-installation-Nvidia-Jetson-Orin-AGX/autoware/src/universe/autoware_universe/planning/autoware_freespace_planner/package.xml
  ✓ autoware_detected_object_feature_remover
    Path: /home/tristan-toye/Autoware-47-installation-Nvidia-Jetson-Orin-AGX/autoware/src/universe/autoware_universe/perception/autoware_detected_object_feature_remover/package.xml
  ✓ autoware_motion_velocity_obstacle_cruise_module
    Path: /home/tristan-toye/Autoware-47-installation-Nvidia-Jetson-Orin-AGX/autoware/src/universe/autoware_universe/planning/motion_velocity_planner/autoware_motion_velocity_obstacle_cruise_module/package.xml
  ✓ autoware_diagnostic_graph_aggregator
    Path: /home/tristan-toye/Autoware-47-installation-Nvidia-Jetson-Orin-AGX/autoware/src/universe/autoware_universe/system/autoware_diagnostic_graph_aggregator/package.xml

NON-COMPLIANT PACKAGES (missing <depend>rclcpp</depend>): 9
---------------------------------------------------
  ✗ tier4_perception_rviz_plugin
    Path: /home/tristan-toye/Autoware-47-installation-Nvidia-Jetson-Orin-AGX/autoware/src/universe/autoware_universe/visualization/tier4_perception_rviz_plugin/package.xml
  ✗ autoware_pose_estimator_arbiter
    Path: /home/tristan-toye/Autoware-47-installation-Nvidia-Jetson-Orin-AGX/autoware/src/universe/autoware_universe/localization/autoware_pose_estimator_arbiter/package.xml
  ✗ tier4_planning_factor_rviz_plugin
    Path: /home/tristan-toye/Autoware-47-installation-Nvidia-Jetson-Orin-AGX/autoware/src/universe/autoware_universe/visualization/tier4_planning_factor_rviz_plugin/package.xml
  ✗ autoware_perception_rviz_plugin
    Path: /home/tristan-toye/Autoware-47-installation-Nvidia-Jetson-Orin-AGX/autoware/src/core/autoware_rviz_plugins/autoware_perception_rviz_plugin/package.xml
  ✗ autoware_overlay_rviz_plugin
    Path: /home/tristan-toye/Autoware-47-installation-Nvidia-Jetson-Orin-AGX/autoware/src/core/autoware_rviz_plugins/autoware_overlay_rviz_plugin/autoware_overlay_rviz_plugin/package.xml
  ✗ autoware_image_object_locator
    Path: /home/tristan-toye/Autoware-47-installation-Nvidia-Jetson-Orin-AGX/autoware/src/universe/autoware_universe/perception/autoware_image_object_locator/package.xml
  ✗ autoware_mission_details_overlay_rviz_plugin
    Path: /home/tristan-toye/Autoware-47-installation-Nvidia-Jetson-Orin-AGX/autoware/src/core/autoware_rviz_plugins/autoware_overlay_rviz_plugin/autoware_mission_details_overlay_rviz_plugin/package.xml
  ✗ autoware_localization_error_monitor
    Path: /home/tristan-toye/Autoware-47-installation-Nvidia-Jetson-Orin-AGX/autoware/src/universe/autoware_universe/localization/autoware_localization_error_monitor/package.xml
  ✗ tier4_vehicle_rviz_plugin
    Path: /home/tristan-toye/Autoware-47-installation-Nvidia-Jetson-Orin-AGX/autoware/src/universe/autoware_universe/visualization/tier4_vehicle_rviz_plugin/package.xml

PACKAGES NOT FOUND: 8
---------------------------------------------------
  ? eagleye_gnss_converter
  ? boost_udp_driver
  ? autoware_string_stamped_rviz_plugin
  ? boost_serial_driver
  ? eagleye_geo_pose_fusion
  ? eagleye_fix2kml
  ? eagleye_can_velocity_converter
  ? eagleye_geo_pose_converter

==========================================
SUMMARY
==========================================
Total checked: 209
Compliant: 192
Non-compliant: 9
Not found: 8

Saving detailed results to /home/tristan-toye/Autoware-47-installation-Nvidia-Jetson-Orin-AGX/package_dependency_results/...
✓ Results saved to:
  - /home/tristan-toye/Autoware-47-installation-Nvidia-Jetson-Orin-AGX/package_dependency_results/compliant_packages.txt
  - /home/tristan-toye/Autoware-47-installation-Nvidia-Jetson-Orin-AGX/package_dependency_results/non_compliant_packages.txt
  - /home/tristan-toye/Autoware-47-installation-Nvidia-Jetson-Orin-AGX/package_dependency_results/not_found_packages.txt
